[22:10:45] [main/INFO] [LaunchWrapper]: Loading tweak class name net.minecraftforge.fml.common.launcher.FMLTweaker
[22:10:45] [main/INFO] [LaunchWrapper]: Using primary tweak class name net.minecraftforge.fml.common.launcher.FMLTweaker
[22:10:45] [main/INFO] [LaunchWrapper]: Calling tweak class net.minecraftforge.fml.common.launcher.FMLTweaker
[22:10:46] [main/INFO] [FML]: Forge Mod Loader version 14.23.5.2860 for Minecraft 1.12.2 loading
[22:10:46] [main/INFO] [FML]: Java is OpenJDK 64-Bit Server VM, version 1.8.0_362, running on Windows 10:amd64:10.0, installed at C:\Program Files\Amazon Corretto\jdk1.8.0_362\jre
[22:10:46] [main/ERROR] [FML]: Apache Maven library folder was not in the format expected. Using default libraries directory.
[22:10:46] [main/ERROR] [FML]: Full: C:\Users\AverageDev\.gradle\caches\modules-2\files-2.1\org.apache.maven\maven-artifact\3.5.3\7dc72b6d6d8a6dced3d294ed54c2cc3515ade9f4\maven-artifact-3.5.3.jar
[22:10:46] [main/ERROR] [FML]: Trimmed: c:/users/averagedev/.gradle/caches/modules-2/files-2.1/org.apache.maven/maven-artifact/3.5.3/
[22:10:46] [main/INFO] [FML]: Managed to load a deobfuscated Minecraft name- we are in a deobfuscated environment. Skipping runtime deobfuscation
[22:10:46] [main/INFO] [FML]: Detected deobfuscated environment, loading log configs for colored console logs.
[22:10:46] [main/INFO] [FML]: Ignoring missing certificate for coremod FMLCorePlugin (net.minecraftforge.fml.relauncher.FMLCorePlugin), we are in deobf and it's a forge core plugin
[22:10:46] [main/INFO] [FML]: Ignoring missing certificate for coremod FMLForgePlugin (net.minecraftforge.classloading.FMLForgePlugin), we are in deobf and it's a forge core plugin
[22:10:46] [main/INFO] [FML]: Found a command line coremod : xaeroplus.mixin.MixinLoaderForge
[22:10:46] [main/INFO] [FML]: Ignoring missing certificate for coremod XaeroPlusMixinLoader (xaeroplus.mixin.MixinLoaderForge), as this is probably a dev workspace
[22:10:47] [main/INFO] [mixin]: SpongePowered MIXIN Subsystem Version=0.7.11 Source=file:/C:/Users/AverageDev/.gradle/caches/modules-2/files-2.1/org.spongepowered/mixin/0.7.11-SNAPSHOT/7a670207bdb97db418118ad1e9bb42424ff3776d/mixin-0.7.11-SNAPSHOT.jar Service=LaunchWrapper Env=CLIENT
[22:10:48] [main/INFO] [mixin]: Compatibility level set to JAVA_8
[22:10:48] [main/ERROR] [mixin]: Mixin config mixins.xaeroplus.json does not specify "minVersion" property
[22:10:48] [main/INFO] [FML]: Found a command line coremod : xaeroplus.dev.minimap.core.XaeroMinimapPlugin
[22:10:48] [main/INFO] [FML]: Ignoring missing certificate for coremod XaeroMinimapPlugin (xaeroplus.dev.minimap.core.XaeroMinimapPlugin), as this is probably a dev workspace
[22:10:48] [main/INFO] [FML]: Found a command line coremod : xaeroplus.dev.worldmap.core.XaeroWorldMapPlugin
[22:10:48] [main/INFO] [FML]: Ignoring missing certificate for coremod XaeroWorldMapPlugin (xaeroplus.dev.worldmap.core.XaeroWorldMapPlugin), as this is probably a dev workspace
[22:10:48] [main/INFO] [FML]: Searching F:\NiceTryMagipigeon\Java\XaeroPlus\run\.\mods for mods
[22:10:48] [main/WARN] [FML]: Found FMLCorePluginContainsFMLMod marker in Xaeros_Minimap_23.3.0_Forge_1.12.jar. This is not recommended, @Mods should be in a separate jar from the coremod.
[22:10:48] [main/WARN] [FML]: The coremod XaeroMinimapPlugin (xaero.common.core.XaeroMinimapPlugin) is not signed!
[22:10:48] [main/WARN] [FML]: Found FMLCorePluginContainsFMLMod marker in XaerosWorldMap_1.29.2_Forge_1.12.jar. This is not recommended, @Mods should be in a separate jar from the coremod.
[22:10:48] [main/WARN] [FML]: The coremod XaeroWorldMapPlugin (xaero.map.core.XaeroWorldMapPlugin) is not signed!
[22:10:48] [main/INFO] [LaunchWrapper]: Loading tweak class name net.minecraftforge.fml.common.launcher.FMLInjectionAndSortingTweaker
[22:10:48] [main/INFO] [LaunchWrapper]: Loading tweak class name org.spongepowered.asm.mixin.EnvironmentStateTweaker
[22:10:48] [main/INFO] [LaunchWrapper]: Loading tweak class name net.minecraftforge.fml.common.launcher.FMLDeobfTweaker
[22:10:48] [main/INFO] [LaunchWrapper]: Calling tweak class net.minecraftforge.fml.common.launcher.FMLInjectionAndSortingTweaker
[22:10:48] [main/INFO] [LaunchWrapper]: Calling tweak class net.minecraftforge.fml.common.launcher.FMLInjectionAndSortingTweaker
[22:10:48] [main/INFO] [LaunchWrapper]: Calling tweak class net.minecraftforge.fml.relauncher.CoreModManager$FMLPluginWrapper
[22:10:52] [main/ERROR] [FML]: FML appears to be missing any signature data. This is not a good thing
[22:10:52] [main/INFO] [LaunchWrapper]: Calling tweak class net.minecraftforge.fml.relauncher.CoreModManager$FMLPluginWrapper
[22:10:52] [main/INFO] [LaunchWrapper]: Calling tweak class net.minecraftforge.fml.relauncher.CoreModManager$FMLPluginWrapper
[22:10:52] [main/INFO] [LaunchWrapper]: Calling tweak class net.minecraftforge.fml.relauncher.CoreModManager$FMLPluginWrapper
[22:10:52] [main/INFO] [LaunchWrapper]: Calling tweak class net.minecraftforge.fml.relauncher.CoreModManager$FMLPluginWrapper
[22:10:52] [main/INFO] [LaunchWrapper]: Calling tweak class net.minecraftforge.fml.relauncher.CoreModManager$FMLPluginWrapper
[22:10:52] [main/INFO] [LaunchWrapper]: Calling tweak class net.minecraftforge.fml.relauncher.CoreModManager$FMLPluginWrapper
[22:10:52] [main/INFO] [LaunchWrapper]: Calling tweak class org.spongepowered.asm.mixin.EnvironmentStateTweaker
[22:10:52] [main/INFO] [mixin]: Initialised Mixin FML Remapper Adapter with net.minecraftforge.fml.common.asm.transformers.deobf.FMLDeobfuscatingRemapper@186cb891
[22:10:52] [main/INFO] [LaunchWrapper]: Calling tweak class net.minecraftforge.fml.common.launcher.FMLDeobfTweaker
[22:10:52] [main/INFO] [LaunchWrapper]: Loading tweak class name net.minecraftforge.fml.common.launcher.TerminalTweaker
[22:10:52] [main/INFO] [LaunchWrapper]: Calling tweak class net.minecraftforge.fml.common.launcher.TerminalTweaker
[22:10:52] [main/WARN] [mixin]: Reference map 'mixins.xaeroplus.refmap.json' for mixins.xaeroplus.json could not be read. If this is a development environment you can ignore this message
[22:10:53] [main/INFO] [STDOUT]: [xaero.map.core.transformer.ClassNodeTransformer:transform:26]: Transforming class net.minecraft.client.Minecraft
[22:10:53] [main/INFO] [STDOUT]: [xaero.map.core.transformer.ClassNodeTransformer:transform:26]: Transforming class net.minecraft.client.Minecraft
[22:10:54] [main/INFO] [LaunchWrapper]: Launching wrapped minecraft {net.minecraft.client.main.Main}
[22:10:54] [main/INFO] [STDOUT]: [xaero.map.core.transformer.ClassNodeTransformer:transform:26]: Transforming class net.minecraft.client.Minecraft
[22:10:54] [main/INFO] [STDOUT]: [xaero.map.core.transformer.ClassNodeTransformer:transform:26]: Transforming class net.minecraft.client.Minecraft
[22:10:54] [main/INFO] [STDOUT]: [xaero.common.core.transformer.ClassNodeTransformer:transform:26]: Transforming class net.minecraft.client.multiplayer.WorldClient net.minecraft.client.multiplayer.WorldClient
[22:10:54] [main/INFO] [STDOUT]: [xaero.map.core.transformer.ClassNodeTransformer:transform:26]: Transforming class net.minecraft.client.multiplayer.WorldClient
[22:10:54] [main/INFO] [STDOUT]: [xaero.common.core.transformer.ClassNodeTransformer:transform:26]: Transforming class net.minecraft.client.multiplayer.WorldClient net.minecraft.client.multiplayer.WorldClient
[22:10:54] [main/INFO] [STDOUT]: [xaero.map.core.transformer.ClassNodeTransformer:transform:26]: Transforming class net.minecraft.client.multiplayer.WorldClient
[22:10:54] [main/INFO] [STDOUT]: [xaero.common.core.transformer.ClassNodeTransformer:transform:26]: Transforming class net.minecraft.client.multiplayer.WorldClient net.minecraft.client.multiplayer.WorldClient
[22:10:54] [main/INFO] [STDOUT]: [xaero.map.core.transformer.ClassNodeTransformer:transform:26]: Transforming class net.minecraft.client.multiplayer.WorldClient
[22:10:54] [main/INFO] [STDOUT]: [xaero.common.core.transformer.ClassNodeTransformer:transform:26]: Transforming class net.minecraft.client.multiplayer.WorldClient net.minecraft.client.multiplayer.WorldClient
[22:10:54] [main/INFO] [STDOUT]: [xaero.map.core.transformer.ClassNodeTransformer:transform:26]: Transforming class net.minecraft.client.multiplayer.WorldClient
[22:10:54] [main/ERROR] [LaunchWrapper]: Unable to launch
java.lang.reflect.InvocationTargetException: null
	at sun.reflect.NativeMethodAccessorImpl.invoke0(Native Method) ~[?:1.8.0_362]
	at sun.reflect.NativeMethodAccessorImpl.invoke(NativeMethodAccessorImpl.java:62) ~[?:1.8.0_362]
	at sun.reflect.DelegatingMethodAccessorImpl.invoke(DelegatingMethodAccessorImpl.java:43) ~[?:1.8.0_362]
	at java.lang.reflect.Method.invoke(Method.java:498) ~[?:1.8.0_362]
	at net.minecraft.launchwrapper.Launch.launch(Launch.java:135) [launchwrapper-1.12.jar:?]
	at net.minecraft.launchwrapper.Launch.main(Launch.java:28) [launchwrapper-1.12.jar:?]
	at sun.reflect.NativeMethodAccessorImpl.invoke0(Native Method) ~[?:1.8.0_362]
	at sun.reflect.NativeMethodAccessorImpl.invoke(NativeMethodAccessorImpl.java:62) ~[?:1.8.0_362]
	at sun.reflect.DelegatingMethodAccessorImpl.invoke(DelegatingMethodAccessorImpl.java:43) ~[?:1.8.0_362]
	at java.lang.reflect.Method.invoke(Method.java:498) ~[?:1.8.0_362]
	at net.minecraftforge.legacydev.Main.start(Main.java:86) [legacydev-0.2.3.1-fatjar.jar:0.2.3.1+4+372be23]
	at net.minecraftforge.legacydev.MainClient.main(MainClient.java:29) [legacydev-0.2.3.1-fatjar.jar:0.2.3.1+4+372be23]
Caused by: java.lang.NoClassDefFoundError: net/minecraft/client/multiplayer/WorldClient
	at net.minecraft.client.main.Main.main(Main.java:42) ~[Main.class:?]
	... 12 more
Caused by: java.lang.ClassNotFoundException: net.minecraft.client.multiplayer.WorldClient
	at net.minecraft.launchwrapper.LaunchClassLoader.findClass(LaunchClassLoader.java:191) ~[launchwrapper-1.12.jar:?]
	at java.lang.ClassLoader.loadClass(ClassLoader.java:418) ~[?:1.8.0_362]
	at java.lang.ClassLoader.loadClass(ClassLoader.java:351) ~[?:1.8.0_362]
	at net.minecraft.client.main.Main.main(Main.java:42) ~[Main.class:?]
	... 12 more
Caused by: java.lang.ClassFormatError: Duplicate interface name "xaero/common/minimap/mcworld/IXaeroMinimapClientWorld" in class file net/minecraft/client/multiplayer/WorldClient
	at java.lang.ClassLoader.defineClass1(Native Method) ~[?:1.8.0_362]
	at java.lang.ClassLoader.defineClass(ClassLoader.java:756) ~[?:1.8.0_362]
	at java.security.SecureClassLoader.defineClass(SecureClassLoader.java:142) ~[?:1.8.0_362]
	at net.minecraft.launchwrapper.LaunchClassLoader.findClass(LaunchClassLoader.java:182) ~[launchwrapper-1.12.jar:?]
	at java.lang.ClassLoader.loadClass(ClassLoader.java:418) ~[?:1.8.0_362]
	at java.lang.ClassLoader.loadClass(ClassLoader.java:351) ~[?:1.8.0_362]
	at net.minecraft.client.main.Main.main(Main.java:42) ~[Main.class:?]
	... 12 more
[22:10:54] [main/INFO] [STDERR]: [java.lang.ThreadGroup:uncaughtException:1052]: java.lang.reflect.InvocationTargetException
[22:10:54] [main/INFO] [STDERR]: [java.lang.ThreadGroup:uncaughtException:1052]: 	at sun.reflect.NativeMethodAccessorImpl.invoke0(Native Method)
[22:10:54] [main/INFO] [STDERR]: [java.lang.ThreadGroup:uncaughtException:1052]: 	at sun.reflect.NativeMethodAccessorImpl.invoke(NativeMethodAccessorImpl.java:62)
[22:10:54] [main/INFO] [STDERR]: [java.lang.ThreadGroup:uncaughtException:1052]: 	at sun.reflect.DelegatingMethodAccessorImpl.invoke(DelegatingMethodAccessorImpl.java:43)
[22:10:54] [main/INFO] [STDERR]: [java.lang.ThreadGroup:uncaughtException:1052]: 	at java.lang.reflect.Method.invoke(Method.java:498)
[22:10:54] [main/INFO] [STDERR]: [java.lang.ThreadGroup:uncaughtException:1052]: 	at net.minecraftforge.legacydev.Main.start(Main.java:86)
[22:10:54] [main/INFO] [STDERR]: [java.lang.ThreadGroup:uncaughtException:1052]: 	at net.minecraftforge.legacydev.MainClient.main(MainClient.java:29)
[22:10:54] [main/INFO] [STDERR]: [java.lang.ThreadGroup:uncaughtException:1061]: Caused by: net.minecraftforge.fml.relauncher.FMLSecurityManager$ExitTrappedException
[22:10:54] [main/INFO] [STDERR]: [java.lang.ThreadGroup:uncaughtException:1061]: 	at net.minecraftforge.fml.relauncher.FMLSecurityManager.checkPermission(FMLSecurityManager.java:49)
[22:10:54] [main/INFO] [STDERR]: [java.lang.ThreadGroup:uncaughtException:1061]: 	at java.lang.SecurityManager.checkExit(SecurityManager.java:761)
[22:10:54] [main/INFO] [STDERR]: [java.lang.ThreadGroup:uncaughtException:1061]: 	at java.lang.Runtime.exit(Runtime.java:101)
[22:10:54] [main/INFO] [STDERR]: [java.lang.ThreadGroup:uncaughtException:1061]: 	at java.lang.System.exit(System.java:987)
[22:10:54] [main/INFO] [STDERR]: [java.lang.ThreadGroup:uncaughtException:1061]: 	at net.minecraft.launchwrapper.Launch.launch(Launch.java:138)
[22:10:54] [main/INFO] [STDERR]: [java.lang.ThreadGroup:uncaughtException:1061]: 	at net.minecraft.launchwrapper.Launch.main(Launch.java:28)
[22:10:54] [main/INFO] [STDERR]: [java.lang.ThreadGroup:uncaughtException:1061]: 	... 6 more
